<?xml version="1.0" encoding="UTF-8"?>
<!-- Generated by org.testng.reporters.JUnitXMLReporter -->
<testsuite ignored="0" hostname="CA-TOR-WKSTR09Z.globalservs.com" failures="0" tests="3" name="Default test" time="3.095" errors="0" timestamp="11 Oct. 2019 12:50:39 GMT">
  <testcase classname="MavenTwitterAPI.TwitterOAuthGetPostDeleteTweet" name="getLatestTweet" time="2.205"/>
  <testcase classname="MavenTwitterAPI.TwitterOAuthGetPostDeleteTweet" name="createTweet" time="0.494"/>
  <testcase classname="MavenTwitterAPI.TwitterOAuthGetPostDeleteTweet" name="deleteTweet" time="0.377"/>
</testsuite> <!-- Default test -->
