<?xml version="1.0" encoding="UTF-8"?>
<!-- Generated by org.testng.reporters.JUnitXMLReporter -->
<testsuite ignored="0" hostname="CA-TOR-WKSTR09Z.globalservs.com" failures="0" tests="3" name="TwitterAPITest" time="3.268" errors="0" timestamp="15 Oct. 2019 17:14:28 GMT">
  <testcase classname="MavenTwitterAPI.TwitterOAuthGetPostDeleteTweet" name="getLatestTweet" time="2.398"/>
  <testcase classname="MavenTwitterAPI.TwitterOAuthGetPostDeleteTweet" name="createTweet" time="0.485"/>
  <testcase classname="MavenTwitterAPI.TwitterOAuthGetPostDeleteTweet" name="deleteTweet" time="0.358"/>
</testsuite> <!-- TwitterAPITest -->
