<?xml version="1.0" encoding="UTF-8"?>
<testsuite xmlns:xsi="http://www.w3.org/2001/XMLSchema-instance" xsi:noNamespaceSchemaLocation="https://maven.apache.org/surefire/maven-surefire-plugin/xsd/surefire-test-report-3.0.xsd" version="3.0" name="TestSuite" time="4.5" tests="3" errors="0" skipped="0" failures="0">
  <properties>
[...]
</properties>
  <testcase name="getLatestTweet" classname="MavenTwitterAPI.TwitterOAuthGetPostDeleteTweet" time="2.4"/>
  <testcase name="createTweet" classname="MavenTwitterAPI.TwitterOAuthGetPostDeleteTweet" time="0.482"/>
  <testcase name="deleteTweet" classname="MavenTwitterAPI.TwitterOAuthGetPostDeleteTweet" time="0.358"/>
</testsuite>