<?xml version="1.0" encoding="UTF-8"?>
<testng-results ignored="0" total="3" passed="3" failed="0" skipped="0">
  <reporter-output>
  </reporter-output>
  <suite started-at="2019-10-11T12:50:36Z" name="Default suite" finished-at="2019-10-11T12:50:39Z" duration-ms="3095">
    <groups>
    </groups>
    <test started-at="2019-10-11T12:50:36Z" name="Default test" finished-at="2019-10-11T12:50:39Z" duration-ms="3095">
      <class name="MavenTwitterAPI.TwitterOAuthGetPostDeleteTweet">
        <test-method is-config="true" signature="getData()[pri:0, instance:MavenTwitterAPI.TwitterOAuthGetPostDeleteTweet@1fb669c3]" started-at="2019-10-11T12:50:36Z" name="getData" finished-at="2019-10-11T12:50:36Z" duration-ms="5" status="PASS">
          <reporter-output>
          </reporter-output>
        </test-method> <!-- getData -->
        <test-method signature="getLatestTweet()[pri:0, instance:MavenTwitterAPI.TwitterOAuthGetPostDeleteTweet@1fb669c3]" started-at="2019-10-11T12:50:36Z" name="getLatestTweet" finished-at="2019-10-11T12:50:38Z" duration-ms="2205" status="PASS">
          <reporter-output>
          </reporter-output>
        </test-method> <!-- getLatestTweet -->
        <test-method signature="createTweet()[pri:1, instance:MavenTwitterAPI.TwitterOAuthGetPostDeleteTweet@1fb669c3]" started-at="2019-10-11T12:50:38Z" name="createTweet" finished-at="2019-10-11T12:50:39Z" duration-ms="494" status="PASS">
          <reporter-output>
          </reporter-output>
        </test-method> <!-- createTweet -->
        <test-method signature="deleteTweet()[pri:2, instance:MavenTwitterAPI.TwitterOAuthGetPostDeleteTweet@1fb669c3]" started-at="2019-10-11T12:50:39Z" name="deleteTweet" finished-at="2019-10-11T12:50:39Z" duration-ms="377" status="PASS">
          <reporter-output>
          </reporter-output>
        </test-method> <!-- deleteTweet -->
      </class> <!-- MavenTwitterAPI.TwitterOAuthGetPostDeleteTweet -->
    </test> <!-- Default test -->
  </suite> <!-- Default suite -->
</testng-results>
